<?xml version="1.0" encoding="UTF-8"?>
<!-- Generated by org.testng.reporters.JUnitXMLReporter -->
<testsuite hostname="ADMINIB-3PMIR4A" ignored="0" name="Module" tests="7" failures="0" timestamp="25 Mar 2018 03:57:35 GMT" time="0.065" errors="0">
  <testcase name="test1" time="0.011" classname="TestNGB9.MyGroupA"/>
  <testcase name="test2" time="0.003" classname="TestNGB9.MyGroupA"/>
  <testcase name="test3" time="0.002" classname="TestNGB9.MyGroupA"/>
  <testcase name="test4" time="0.002" classname="TestNGB9.MyGroupA"/>
  <testcase name="test2" time="0.002" classname="TestNGB9.MyGroupB"/>
  <testcase name="test3" time="0.001" classname="TestNGB9.MyGroupB"/>
  <testcase name="test4" time="0.003" classname="TestNGB9.MyGroupB"/>
</testsuite> <!-- Module -->
