<?xml version="1.0" encoding="UTF-8"?>
<testng-results skipped="0" failed="0" ignored="0" total="1" passed="1">
  <reporter-output>
  </reporter-output>
  <suite name="Default suite" duration-ms="41642" started-at="2018-06-22T07:01:37Z" finished-at="2018-06-22T07:02:18Z">
    <groups>
    </groups>
    <test name="Default test" duration-ms="41642" started-at="2018-06-22T07:01:37Z" finished-at="2018-06-22T07:02:18Z">
      <class name="seleniumPractise.ProductAddToCart">
        <test-method status="PASS" signature="method()[pri:0, instance:seleniumPractise.ProductAddToCart@6acdbdf5]" name="method" duration-ms="41605" started-at="2018-06-22T07:01:37Z" finished-at="2018-06-22T07:02:18Z">
          <reporter-output>
          </reporter-output>
        </test-method> <!-- method -->
      </class> <!-- seleniumPractise.ProductAddToCart -->
    </test> <!-- Default test -->
  </suite> <!-- Default suite -->
</testng-results>
