<?xml version="1.0" encoding="UTF-8"?>
<!-- Generated by org.testng.reporters.JUnitXMLReporter -->
<testsuite hostname="ADMINIB-3PMIR4A" ignored="0" name="TestforParallel" tests="4" failures="0" timestamp="25 Mar 2018 05:12:03 GMT" time="20.055" errors="0">
  <testcase name="myTest1" time="10.015" classname="TestNGB9.ParallelClassB"/>
  <testcase name="myTest1" time="10.015" classname="TestNGB9.ParallelClassA"/>
  <testcase name="myTest2" time="10.0" classname="TestNGB9.ParallelClassB"/>
  <testcase name="myTest2" time="10.004" classname="TestNGB9.ParallelClassA"/>
</testsuite> <!-- TestforParallel -->
