<?xml version="1.0" encoding="UTF-8"?>
<!-- Generated by org.testng.reporters.JUnitXMLReporter -->
<testsuite hostname="ADMINIB-3PMIR4A" ignored="0" name="AllClassesFromPackage" tests="7" failures="1" timestamp="25 Mar 2018 03:20:20 GMT" time="343.487" errors="0">
  <testcase name="method" time="43.767" classname="basic.MyBasicFormAssignment"/>
  <testcase name="method" time="72.072" classname="basic.MyFirstSeleniumProjectChrome">
    <failure type="java.lang.AssertionError" message=" Documentation tab is missing expected [true] but found [false]">
      <![CDATA[java.lang.AssertionError:  Documentation tab is missing expected [true] but found [false]
at basic.MyFirstSeleniumProjectChrome.method(MyFirstSeleniumProjectChrome.java:57)
... Removed 28 stack frames]]>
    </failure>
  </testcase> <!-- method -->
  <testcase name="method" time="50.253" classname="basic.MyFirstSeleniumProjectFireFox"/>
  <testcase name="method" time="64.034" classname="basic.MyFirstSeleniumProjectIE"/>
  <testcase name="method" time="32.646" classname="basic.MySeleniumAssignment2"/>
  <testcase name="method" time="28.811" classname="basic.MySeleniumAssignment3"/>
  <testcase name="method" time="51.838" classname="basic.MySeleniumAssignment4"/>
</testsuite> <!-- AllClassesFromPackage -->
